{
  "RSpec": {
    "coverage": {
      "/Users/WorkStuff/Desktop/gitDir/week3/battle/app.rb": [
        1,
        1,
        null,
        1,
        1,
        1,
        4,
        null,
        null,
        1,
        4,
        4,
        4,
        null,
        null,
        1,
        5,
        5,
        5,
        null,
        null,
        1,
        2,
        2,
        2,
        2,
        null,
        null,
        null,
        null,
        null,
        1,
        null
      ],
      "/Users/WorkStuff/Desktop/gitDir/week3/battle/lib/player.rb": [
        1,
        1,
        1,
        null,
        1,
        13,
        13,
        null,
        null,
        1,
        3,
        null,
        null,
        1,
        3,
        null,
        null
      ],
      "/Users/WorkStuff/Desktop/gitDir/week3/battle/spec/features/web_helpers.rb": [
        1,
        4,
        4,
        4,
        4,
        null
      ],
      "/Users/WorkStuff/Desktop/gitDir/week3/battle/spec/features/compliment_player_spec.rb": [
        1,
        1,
        1,
        1,
        1,
        null,
        null,
        1,
        1,
        1,
        1,
        1,
        1,
        null,
        null,
        null
      ],
      "/Users/WorkStuff/Desktop/gitDir/week3/battle/spec/features/heart_points_spec.rb": [
        1,
        1,
        1,
        1,
        null,
        null
      ],
      "/Users/WorkStuff/Desktop/gitDir/week3/battle/spec/features/name_entry_spec.rb": [
        1,
        1,
        1,
        1,
        null,
        null
      ],
      "/Users/WorkStuff/Desktop/gitDir/week3/battle/spec/player_spec.rb": [
        1,
        null,
        null,
        1,
        5,
        2,
        null,
        1,
        1,
        1,
        null,
        null,
        null,
        1,
        1,
        1,
        null,
        null,
        null,
        1,
        1,
        1,
        1,
        null,
        null,
        null,
        1,
        1,
        4,
        null,
        null,
        null
      ]
    },
    "timestamp": 1520507703
  }
}
