{
  "RSpec": {
    "coverage": {
      "/Users/WorkStuff/Desktop/gitDir/week3/battle/app.rb": [
        1,
        1,
        1,
        null,
        1,
        1,
        1,
        6,
        null,
        null,
        1,
        6,
        6,
        6,
        6,
        null,
        null,
        1,
        8,
        8,
        null,
        null,
        1,
        3,
        3,
        3,
        3,
        null,
        null,
        null,
        null,
        null,
        1,
        null
      ],
      "/Users/WorkStuff/Desktop/gitDir/week3/battle/lib/player.rb": [
        1,
        1,
        1,
        null,
        1,
        15,
        15,
        null,
        null,
        1,
        4,
        null,
        null
      ],
      "/Users/WorkStuff/Desktop/gitDir/week3/battle/lib/game.rb": [
        1,
        null,
        1,
        null,
        1,
        11,
        11,
        null,
        null,
        1,
        12,
        null,
        null,
        1,
        31,
        null,
        null,
        1,
        4,
        null,
        null,
        1,
        4,
        null,
        null,
        1,
        null,
        1,
        12,
        null,
        null,
        null
      ],
      "/Users/WorkStuff/Desktop/gitDir/week3/battle/spec/features/web_helpers.rb": [
        1,
        6,
        6,
        6,
        6,
        null
      ],
      "/Users/WorkStuff/Desktop/gitDir/week3/battle/spec/features/compliment_player_spec.rb": [
        1,
        1,
        1,
        1,
        1,
        null,
        null,
        1,
        1,
        1,
        1,
        1,
        1,
        null,
        null,
        null
      ],
      "/Users/WorkStuff/Desktop/gitDir/week3/battle/spec/features/heart_points_spec.rb": [
        1,
        1,
        1,
        1,
        null,
        null
      ],
      "/Users/WorkStuff/Desktop/gitDir/week3/battle/spec/features/name_entry_spec.rb": [
        1,
        1,
        1,
        1,
        null,
        null
      ],
      "/Users/WorkStuff/Desktop/gitDir/week3/battle/spec/features/switch_turns_spec.rb": [
        1,
        1,
        1,
        1,
        1,
        null,
        null,
        1,
        1,
        1,
        1,
        1,
        1,
        null,
        null,
        null
      ],
      "/Users/WorkStuff/Desktop/gitDir/week3/battle/spec/game_spec.rb": [
        1,
        1,
        null,
        1,
        6,
        6,
        6,
        null,
        1,
        1,
        1,
        null,
        null,
        null,
        1,
        1,
        1,
        null,
        null,
        null,
        1,
        1,
        1,
        1,
        null,
        null,
        null,
        1,
        1,
        1,
        null,
        null,
        null,
        1,
        1,
        1,
        1,
        null,
        null,
        null
      ],
      "/Users/WorkStuff/Desktop/gitDir/week3/battle/spec/player_spec.rb": [
        1,
        null,
        null,
        1,
        4,
        1,
        null,
        1,
        1,
        1,
        null,
        null,
        null,
        1,
        1,
        1,
        null,
        null,
        null,
        1,
        1,
        4,
        null,
        null,
        null
      ]
    },
    "timestamp": 1520520606
  }
}
